TN:
SF:/home/lsz/Code/Git/study/c--study/gtest/cpp/easy_test.cpp
FN:4,_Z9Factoriali
FNDA:0,_Z9Factoriali
FN:13,_Z7IsPrimei
FNDA:0,_Z7IsPrimei
FN:26,_Z12IsPalindromei
FNDA:0,_Z12IsPalindromei
FN:40,_Z34CalPrimePalindromeFactorialSepratei
FNDA:0,_Z34CalPrimePalindromeFactorialSepratei
FN:47,_Z30CalPrimePalindromeFactorialALLi
FNDA:0,_Z30CalPrimePalindromeFactorialALLi
FN:79,_ZN23TEST_ALL_TestPrime_TestD2Ev
FNDA:0,_ZN23TEST_ALL_TestPrime_TestD2Ev
FN:79,_ZN23TEST_ALL_TestPrime_Test8TestBodyEv
FNDA:0,_ZN23TEST_ALL_TestPrime_Test8TestBodyEv
FN:79,_ZN23TEST_ALL_TestPrime_TestD0Ev
FNDA:0,_ZN23TEST_ALL_TestPrime_TestD0Ev
FN:86,_ZN28TEST_ALL_TestPalindrome_TestD0Ev
FNDA:0,_ZN28TEST_ALL_TestPalindrome_TestD0Ev
FN:86,_ZN28TEST_ALL_TestPalindrome_TestD2Ev
FNDA:0,_ZN28TEST_ALL_TestPalindrome_TestD2Ev
FN:86,_ZN28TEST_ALL_TestPalindrome_Test8TestBodyEv
FNDA:0,_ZN28TEST_ALL_TestPalindrome_Test8TestBodyEv
FN:93,_ZN27TEST_ALL_TestFactorial_TestD0Ev
FNDA:0,_ZN27TEST_ALL_TestFactorial_TestD0Ev
FN:93,_ZN27TEST_ALL_TestFactorial_TestD2Ev
FNDA:0,_ZN27TEST_ALL_TestFactorial_TestD2Ev
FN:93,_ZN27TEST_ALL_TestFactorial_Test8TestBodyEv
FNDA:0,_ZN27TEST_ALL_TestFactorial_Test8TestBodyEv
FN:103,_ZN27TEST_SEPARTE_TestPrime_TestD0Ev
FNDA:0,_ZN27TEST_SEPARTE_TestPrime_TestD0Ev
FN:103,_ZN27TEST_SEPARTE_TestPrime_TestD2Ev
FNDA:0,_ZN27TEST_SEPARTE_TestPrime_TestD2Ev
FN:103,_ZN27TEST_SEPARTE_TestPrime_Test8TestBodyEv
FNDA:0,_ZN27TEST_SEPARTE_TestPrime_Test8TestBodyEv
FN:110,_ZN28TEST_SEPARTE_TestPrime2_Test8TestBodyEv
FNDA:0,_ZN28TEST_SEPARTE_TestPrime2_Test8TestBodyEv
FN:110,_ZN28TEST_SEPARTE_TestPrime2_TestD2Ev
FNDA:0,_ZN28TEST_SEPARTE_TestPrime2_TestD2Ev
FN:110,_ZN28TEST_SEPARTE_TestPrime2_TestD0Ev
FNDA:0,_ZN28TEST_SEPARTE_TestPrime2_TestD0Ev
FN:115,_ZN32TEST_SEPARTE_TestPalindrome_Test8TestBodyEv
FNDA:0,_ZN32TEST_SEPARTE_TestPalindrome_Test8TestBodyEv
FN:115,_ZN32TEST_SEPARTE_TestPalindrome_TestD2Ev
FNDA:0,_ZN32TEST_SEPARTE_TestPalindrome_TestD2Ev
FN:115,_ZN32TEST_SEPARTE_TestPalindrome_TestD0Ev
FNDA:0,_ZN32TEST_SEPARTE_TestPalindrome_TestD0Ev
FN:121,_ZN31TEST_SEPARTE_TestFactorial_Test8TestBodyEv
FNDA:0,_ZN31TEST_SEPARTE_TestFactorial_Test8TestBodyEv
FN:121,_ZN31TEST_SEPARTE_TestFactorial_TestD2Ev
FNDA:0,_ZN31TEST_SEPARTE_TestFactorial_TestD2Ev
FN:121,_ZN31TEST_SEPARTE_TestFactorial_TestD0Ev
FNDA:0,_ZN31TEST_SEPARTE_TestFactorial_TestD0Ev
DA:4,0
DA:5,0
DA:6,0
DA:7,0
DA:9,0
DA:13,0
DA:14,0
DA:15,0
DA:17,0
DA:19,0
DA:20,0
DA:26,0
DA:28,0
DA:30,0
DA:31,0
DA:33,0
DA:34,0
DA:36,0
DA:40,0
DA:41,0
DA:42,0
DA:43,0
DA:47,0
DA:49,0
DA:50,0
DA:52,0
DA:53,0
DA:54,0
DA:57,0
DA:60,0
DA:61,0
DA:63,0
DA:64,0
DA:66,0
DA:79,0
DA:79,0
DA:79,0
DA:80,0
DA:81,0
DA:82,0
DA:83,0
DA:84,0
DA:79,0
DA:86,0
DA:86,0
DA:86,0
DA:87,0
DA:88,0
DA:89,0
DA:90,0
DA:91,0
DA:86,0
DA:93,0
DA:93,0
DA:93,0
DA:94,0
DA:95,0
DA:96,0
DA:97,0
DA:98,0
DA:93,0
DA:103,0
DA:103,0
DA:103,0
DA:104,0
DA:105,0
DA:106,0
DA:107,0
DA:108,0
DA:103,0
DA:110,0
DA:110,0
DA:110,0
DA:111,0
DA:112,0
DA:110,0
DA:115,0
DA:115,0
DA:115,0
DA:116,0
DA:117,0
DA:118,0
DA:119,0
DA:115,0
DA:121,0
DA:121,0
DA:121,0
DA:122,0
DA:123,0
DA:124,0
DA:125,0
DA:126,0
DA:121,0
end_of_record
TN:
SF:/home/lsz/Code/Git/study/c--study/gtest/cpp/read_ex.cpp
FN:3,_Z9FuncCall1i
FNDA:0,_Z9FuncCall1i
FN:10,_Z9FuncCall2i
FNDA:0,_Z9FuncCall2i
FN:20,_Z9FuncCall3i
FNDA:0,_Z9FuncCall3i
FN:33,_Z9FuncCall4i
FNDA:0,_Z9FuncCall4i
DA:3,0
DA:5,0
DA:7,0
DA:10,0
DA:12,0
DA:13,0
DA:14,0
DA:15,0
DA:17,0
DA:20,0
DA:22,0
DA:23,0
DA:24,0
DA:25,0
DA:26,0
DA:27,0
DA:28,0
DA:29,0
DA:31,0
DA:33,0
DA:36,0
DA:37,0
DA:38,0
DA:39,0
DA:40,0
DA:41,0
DA:42,0
DA:43,0
DA:44,0
DA:46,0
end_of_record
TN:
SF:/home/lsz/Code/Git/study/c--study/gtest/cpp/param.cpp
FN:13,_ZN19FuncTestParamStruct5SetUpEv
FNDA:0,_ZN19FuncTestParamStruct5SetUpEv
FN:24,_ZN30FuncTestParamStruct_case1_Test8TestBodyEv
FNDA:0,_ZN30FuncTestParamStruct_case1_Test8TestBodyEv
FN:24,_ZN30FuncTestParamStruct_case1_Test13AddToRegistryEv
FNDA:1,_ZN30FuncTestParamStruct_case1_Test13AddToRegistryEv
FN:31,_ZL53gtest_StructTestFuncTestParamStruct_EvalGenerateName_RKN7testing13TestParamInfoI6TuplesEE
FNDA:2,_ZL53gtest_StructTestFuncTestParamStruct_EvalGenerateName_RKN7testing13TestParamInfoI6TuplesEE
FN:31,_ZL50gtest_StructTestFuncTestParamStruct_EvalGenerator_v
FNDA:1,_ZL50gtest_StructTestFuncTestParamStruct_EvalGenerator_v
FN:45,_Z4funcii
FNDA:0,_Z4funcii
DA:10,0
DA:13,0
DA:14,0
DA:15,0
DA:16,0
DA:17,0
DA:18,0
DA:19,0
DA:24,0
DA:27,0
DA:28,0
DA:29,0
DA:24,7
DA:24,0
DA:31,2
DA:31,1
DA:45,0
DA:47,0
end_of_record
TN:
SF:/home/lsz/Code/Git/study/c--study/gtest/cpp/fixture.cpp
end_of_record
TN:
SF:/home/lsz/Code/Git/study/c--study/gtest/cpp/base.cpp
FN:8,_ZN19MockSimpleAlgorithm10IsPositiveEi
FNDA:2,_ZN19MockSimpleAlgorithm10IsPositiveEi
FN:8,_ZN19MockSimpleAlgorithm16gmock_IsPositiveERKN7testing7MatcherIiEE
FNDA:2,_ZN19MockSimpleAlgorithm16gmock_IsPositiveERKN7testing7MatcherIiEE
FN:10,_ZN19MockSimpleAlgorithmD2Ev
FNDA:0,_ZN19MockSimpleAlgorithmD2Ev
FN:10,_ZN19MockSimpleAlgorithmD0Ev
FNDA:1,_ZN19MockSimpleAlgorithmD0Ev
FN:29,_ZN21AlgoTest_AlgoInt_TestD2Ev
FNDA:0,_ZN21AlgoTest_AlgoInt_TestD2Ev
FN:29,_ZN21AlgoTest_AlgoInt_Test8TestBodyEv
FNDA:1,_ZN21AlgoTest_AlgoInt_Test8TestBodyEv
FN:29,_ZN21AlgoTest_AlgoInt_TestD0Ev
FNDA:1,_ZN21AlgoTest_AlgoInt_TestD0Ev
FN:43,_ZN24AlgoTest_AlgoString_TestD0Ev
FNDA:1,_ZN24AlgoTest_AlgoString_TestD0Ev
FN:43,_ZN24AlgoTest_AlgoString_TestD2Ev
FNDA:0,_ZN24AlgoTest_AlgoString_TestD2Ev
FN:43,_ZN24AlgoTest_AlgoString_Test8TestBodyEv
FNDA:1,_ZN24AlgoTest_AlgoString_Test8TestBodyEv
FN:52,_ZN25AlgoTest_AlgoPrivate_TestD0Ev
FNDA:1,_ZN25AlgoTest_AlgoPrivate_TestD0Ev
FN:52,_ZN25AlgoTest_AlgoPrivate_TestD2Ev
FNDA:0,_ZN25AlgoTest_AlgoPrivate_TestD2Ev
FN:52,_ZN25AlgoTest_AlgoPrivate_Test8TestBodyEv
FNDA:1,_ZN25AlgoTest_AlgoPrivate_Test8TestBodyEv
FN:59,_ZN24AlgoTest_AlgoPublic_TestD2Ev
FNDA:0,_ZN24AlgoTest_AlgoPublic_TestD2Ev
FN:59,_ZN24AlgoTest_AlgoPublic_Test8TestBodyEv
FNDA:1,_ZN24AlgoTest_AlgoPublic_Test8TestBodyEv
FN:59,_ZN24AlgoTest_AlgoPublic_TestD0Ev
FNDA:1,_ZN24AlgoTest_AlgoPublic_TestD0Ev
FN:67,_ZN22AlgoTest_AlgoMock_Test8TestBodyEv
FNDA:1,_ZN22AlgoTest_AlgoMock_Test8TestBodyEv
FN:67,_ZN22AlgoTest_AlgoMock_TestD2Ev
FNDA:0,_ZN22AlgoTest_AlgoMock_TestD2Ev
FN:67,_ZN22AlgoTest_AlgoMock_TestD0Ev
FNDA:1,_ZN22AlgoTest_AlgoMock_TestD0Ev
FN:88,_ZN26ShareTest_AlgoPrivate_Test8TestBodyEv
FNDA:0,_ZN26ShareTest_AlgoPrivate_Test8TestBodyEv
FN:88,_ZN26ShareTest_AlgoPrivate_TestD2Ev
FNDA:0,_ZN26ShareTest_AlgoPrivate_TestD2Ev
FN:88,_ZN26ShareTest_AlgoPrivate_TestD0Ev
FNDA:0,_ZN26ShareTest_AlgoPrivate_TestD0Ev
FN:94,_ZN25ShareTest_AlgoPublic_Test8TestBodyEv
FNDA:0,_ZN25ShareTest_AlgoPublic_Test8TestBodyEv
FN:94,_ZN25ShareTest_AlgoPublic_TestD2Ev
FNDA:0,_ZN25ShareTest_AlgoPublic_TestD2Ev
FN:94,_ZN25ShareTest_AlgoPublic_TestD0Ev
FNDA:0,_ZN25ShareTest_AlgoPublic_TestD0Ev
DA:6,1
DA:8,2
DA:8,2
DA:10,1
DA:10,0
DA:13,2
DA:15,2
DA:16,0
DA:19,1
DA:20,1
DA:23,1
DA:24,1
DA:29,1
DA:29,0
DA:29,1
DA:30,1
DA:32,2
DA:33,2
DA:34,4
DA:35,2
DA:41,1
DA:29,1
DA:43,1
DA:43,0
DA:43,1
DA:44,1
DA:45,1
DA:46,1
DA:47,3
DA:50,1
DA:43,1
DA:52,1
DA:52,0
DA:52,1
DA:53,1
DA:54,1
DA:55,1
DA:56,1
DA:57,1
DA:52,1
DA:59,1
DA:59,0
DA:59,1
DA:60,1
DA:61,1
DA:62,1
DA:63,1
DA:64,1
DA:59,1
DA:67,1
DA:67,0
DA:67,1
DA:68,1
DA:69,1
DA:70,1
DA:72,2
DA:73,2
DA:75,2
DA:76,4
DA:78,1
DA:79,1
DA:67,1
DA:81,0
DA:88,0
DA:88,0
DA:88,0
DA:89,0
DA:90,0
DA:91,0
DA:92,0
DA:88,0
DA:94,0
DA:94,0
DA:94,0
DA:95,0
DA:96,0
DA:97,0
DA:98,0
DA:94,0
end_of_record
SF:/home/lsz/Code/Git/study/c--study/gtest/cpp/base.h
FN:18,_ZN15SimpleAlgorithm10IsPositiveEi
FNDA:0,_ZN15SimpleAlgorithm10IsPositiveEi
FN:60,_ZN13UserAlogrithm9StringCatEPcS0_
FNDA:1,_ZN13UserAlogrithm9StringCatEPcS0_
DA:10,5
DA:11,5
DA:12,0
DA:16,1
DA:18,0
DA:19,0
DA:22,1
DA:27,5
DA:28,5
DA:29,2
DA:30,1
DA:32,1
DA:33,1
DA:36,3
DA:38,18
DA:39,14
DA:41,4
DA:56,1
DA:57,1
DA:60,1
DA:61,1
DA:62,1
DA:63,1
DA:70,2
DA:71,2
DA:73,0
DA:74,0
end_of_record
TN:
SF:/home/lsz/Code/Git/study/c--study/gtest/cpp/moka_combine.cpp
FN:7,_ZN8BaseUser10IsPositiveEi
FNDA:0,_ZN8BaseUser10IsPositiveEi
FN:14,_ZN12MockBaseUser16gmock_IsPositiveERKN7testing7MatcherIiEE
FNDA:0,_ZN12MockBaseUser16gmock_IsPositiveERKN7testing7MatcherIiEE
FN:14,_ZN12MockBaseUser10IsPositiveEi
FNDA:0,_ZN12MockBaseUser10IsPositiveEi
FN:32,_ZN11MockCombine5SetUpEv
FNDA:0,_ZN11MockCombine5SetUpEv
FN:39,_ZN11MockCombine8TearDownEv
FNDA:0,_ZN11MockCombine8TearDownEv
FN:52,_ZN26MockCombine_BasicTest_TestD0Ev
FNDA:0,_ZN26MockCombine_BasicTest_TestD0Ev
FN:52,_ZN26MockCombine_BasicTest_TestD2Ev
FNDA:0,_ZN26MockCombine_BasicTest_TestD2Ev
FN:52,_ZN26MockCombine_BasicTest_Test8TestBodyEv
FNDA:0,_ZN26MockCombine_BasicTest_Test8TestBodyEv
DA:5,0
DA:7,0
DA:8,0
DA:12,0
DA:14,0
DA:14,0
DA:19,0
DA:20,0
DA:23,0
DA:24,0
DA:30,0
DA:32,0
DA:33,0
DA:35,0
DA:36,0
DA:37,0
DA:39,0
DA:40,0
DA:42,0
DA:43,0
DA:45,0
DA:52,0
DA:52,0
DA:52,0
DA:54,0
DA:56,0
DA:57,0
DA:58,0
DA:52,0
end_of_record
TN:
SF:/home/lsz/Code/Git/study/c--study/gtest/cpp/main.cpp
FN:31,main
FNDA:1,main
DA:31,1
DA:33,1
DA:35,1
DA:36,1
DA:37,1
DA:39,1
DA:41,1
end_of_record
TN:
SF:/home/lsz/Code/Git/study/c--study/gtest/cpp/moka_matcher.h
FN:34,_ZN7MockFoo9TransformEv
FNDA:0,_ZN7MockFoo9TransformEv
FN:40,_ZN7MockFoo6ResumeEv
FNDA:0,_ZN7MockFoo6ResumeEv
FN:42,_ZN7MockFoo10GetTimeOutEv
FNDA:0,_ZN7MockFoo10GetTimeOutEv
FN:50,_ZN7MockFoo9gmock_AddERKN7testing7MatcherIcEE
FNDA:0,_ZN7MockFoo9gmock_AddERKN7testing7MatcherIcEE
FN:50,_ZN7MockFoo3AddEc
FNDA:0,_ZN7MockFoo3AddEc
FN:54,_ZN7MockFoo9gmock_AddERKN7testing7MatcherIiEERKNS1_IcEE
FNDA:0,_ZN7MockFoo9gmock_AddERKN7testing7MatcherIiEERKNS1_IcEE
FN:54,_ZN7MockFoo3AddEic
FNDA:0,_ZN7MockFoo3AddEic
FN:58,_ZN7MockFoo9gmock_AddERKN7testing7MatcherIiEES4_
FNDA:0,_ZN7MockFoo9gmock_AddERKN7testing7MatcherIiEES4_
FN:58,_ZN7MockFoo3AddEii
FNDA:0,_ZN7MockFoo3AddEii
DA:34,0
DA:40,0
DA:42,0
DA:50,0
DA:50,0
DA:54,0
DA:54,0
DA:58,0
DA:58,0
end_of_record
SF:/home/lsz/Code/Git/study/c--study/gtest/cpp/moka_matcher.cpp
FN:3,_ZN32TestMockPrivate_TestPrivate_TestD0Ev
FNDA:0,_ZN32TestMockPrivate_TestPrivate_TestD0Ev
FN:3,_ZN32TestMockPrivate_TestPrivate_TestD2Ev
FNDA:0,_ZN32TestMockPrivate_TestPrivate_TestD2Ev
FN:3,_ZN32TestMockPrivate_TestPrivate_Test8TestBodyEv
FNDA:0,_ZN32TestMockPrivate_TestPrivate_Test8TestBodyEv
FN:16,_ZN34TestMockOverload_TestOverload_TestD0Ev
FNDA:0,_ZN34TestMockOverload_TestOverload_TestD0Ev
FN:16,_ZN34TestMockOverload_TestOverload_TestD2Ev
FNDA:0,_ZN34TestMockOverload_TestOverload_TestD2Ev
FN:16,_ZN34TestMockOverload_TestOverload_Test8TestBodyEv
FNDA:0,_ZN34TestMockOverload_TestOverload_Test8TestBodyEv
FN:30,_ZN36TestMockOverload_TestSameNumArg_TestD0Ev
FNDA:0,_ZN36TestMockOverload_TestSameNumArg_TestD0Ev
FN:30,_ZN36TestMockOverload_TestSameNumArg_TestD2Ev
FNDA:0,_ZN36TestMockOverload_TestSameNumArg_TestD2Ev
FN:30,_ZN36TestMockOverload_TestSameNumArg_Test8TestBodyEv
FNDA:0,_ZN36TestMockOverload_TestSameNumArg_Test8TestBodyEv
FN:55,_ZN37TestMockOverload_TestSameNumArg2_TestD0Ev
FNDA:0,_ZN37TestMockOverload_TestSameNumArg2_TestD0Ev
FN:55,_ZN37TestMockOverload_TestSameNumArg2_TestD2Ev
FNDA:0,_ZN37TestMockOverload_TestSameNumArg2_TestD2Ev
FN:55,_ZN37TestMockOverload_TestSameNumArg2_Test8TestBodyEv
FNDA:0,_ZN37TestMockOverload_TestSameNumArg2_Test8TestBodyEv
DA:3,0
DA:3,0
DA:3,0
DA:5,0
DA:9,0
DA:11,0
DA:12,0
DA:3,0
DA:16,0
DA:16,0
DA:16,0
DA:17,0
DA:18,0
DA:19,0
DA:20,0
DA:21,0
DA:22,0
DA:16,0
DA:30,0
DA:30,0
DA:30,0
DA:32,0
DA:36,0
DA:37,0
DA:38,0
DA:40,0
DA:42,0
DA:46,0
DA:47,0
DA:48,0
DA:49,0
DA:50,0
DA:51,0
DA:30,0
DA:55,0
DA:55,0
DA:55,0
DA:57,0
DA:59,0
DA:60,0
DA:61,0
DA:63,0
DA:65,0
DA:69,0
DA:70,0
DA:71,0
DA:73,0
DA:75,0
DA:76,0
DA:55,0
end_of_record
TN:
SF:/home/lsz/Code/Git/study/c--study/gtest/cpp/analyze_ex.cpp
end_of_record
TN:
SF:/home/lsz/Code/Git/study/c--study/gtest/cpp/death.cpp
FN:4,_Z16DieInDebugElse12Pi
FNDA:0,_Z16DieInDebugElse12Pi
FN:13,_ZN41TestCase_TestDieOr12WorksInDgbAndOpt_TestD0Ev
FNDA:0,_ZN41TestCase_TestDieOr12WorksInDgbAndOpt_TestD0Ev
FN:13,_ZN41TestCase_TestDieOr12WorksInDgbAndOpt_TestD2Ev
FNDA:0,_ZN41TestCase_TestDieOr12WorksInDgbAndOpt_TestD2Ev
FN:13,_ZN41TestCase_TestDieOr12WorksInDgbAndOpt_Test8TestBodyEv
FNDA:0,_ZN41TestCase_TestDieOr12WorksInDgbAndOpt_Test8TestBodyEv
DA:4,0
DA:5,0
DA:6,0
DA:13,0
DA:13,0
DA:13,0
DA:15,0
DA:17,0
DA:24,0
DA:26,0
DA:13,0
end_of_record
TN:
SF:/home/lsz/Code/Git/study/c--study/gtest/cpp/moka_base.cpp
FN:26,_ZN3Biz3payERKNSt7__cxx1112basic_stringIcSt11char_traitsIcESaIcEEES7_i
FNDA:0,_ZN3Biz3payERKNSt7__cxx1112basic_stringIcSt11char_traitsIcESaIcEEES7_i
FN:64,_ZN8TestUser11gmock_LoginERKN7testing7MatcherIRKNSt7__cxx1112basic_stringIcSt11char_traitsIcESaIcEEEEESC_
FNDA:0,_ZN8TestUser11gmock_LoginERKN7testing7MatcherIRKNSt7__cxx1112basic_stringIcSt11char_traitsIcESaIcEEEEESC_
FN:64,_ZN8TestUser5LoginERKNSt7__cxx1112basic_stringIcSt11char_traitsIcESaIcEEES7_
FNDA:0,_ZN8TestUser5LoginERKNSt7__cxx1112basic_stringIcSt11char_traitsIcESaIcEEES7_
FN:65,_ZN8TestUser9gmock_PayERKN7testing7MatcherIiEE
FNDA:0,_ZN8TestUser9gmock_PayERKN7testing7MatcherIiEE
FN:65,_ZN8TestUser3PayEi
FNDA:0,_ZN8TestUser3PayEi
FN:66,_ZN8TestUser6OnlineEv
FNDA:0,_ZN8TestUser6OnlineEv
FN:69,_Z10test_moka1v
FNDA:0,_Z10test_moka1v
FN:81,_Z10test_moka2v
FNDA:0,_Z10test_moka2v
FN:91,_Z10test_moka3v
FNDA:0,_Z10test_moka3v
FN:104,_Z12TestMokaBasev
FNDA:0,_Z12TestMokaBasev
DA:22,0
DA:23,0
DA:26,0
DA:27,0
DA:28,0
DA:29,0
DA:33,0
DA:34,0
DA:36,0
DA:38,0
DA:42,0
DA:46,0
DA:49,0
DA:50,0
DA:52,0
DA:64,0
DA:64,0
DA:65,0
DA:65,0
DA:66,0
DA:69,0
DA:70,0
DA:71,0
DA:72,0
DA:73,0
DA:75,0
DA:76,0
DA:77,0
DA:78,0
DA:79,0
DA:81,0
DA:82,0
DA:83,0
DA:84,0
DA:86,0
DA:87,0
DA:88,0
DA:89,0
DA:91,0
DA:92,0
DA:93,0
DA:94,0
DA:95,0
DA:97,0
DA:98,0
DA:99,0
DA:100,0
DA:101,0
DA:102,0
DA:104,0
DA:108,0
end_of_record
